MetricName, EventName, Sum, TotalInstances, NumInstances, Normalized, Values, ...
inst_per_warp, event_name, 352322064, 44828, 28, 44816, 16, 16, 16, 16, 16, 16, 16, 16, 16, 16, 16, 16, 16, 16, 16, 16, 16, 16, 16, 16, 16, 16, 16, 16, 16, 16, 16, 
inst_per_warp, event_name, 352322065, 44828, 28, 44816, 16, 16, 16, 16, 16, 16, 16, 16, 16, 16, 16, 16, 16, 16, 16, 16, 16, 16, 16, 16, 16, 16, 16, 16, 16, 16, 16, 
inst_per_warp, event_name, 352322066, 44828, 28, 44816, 16, 16, 16, 16, 16, 16, 16, 16, 16, 16, 16, 16, 16, 16, 16, 16, 16, 16, 16, 16, 16, 16, 16, 16, 16, 16, 16, 
inst_per_warp, event_name, 352322067, 44828, 28, 44816, 16, 16, 16, 16, 16, 16, 16, 16, 16, 16, 16, 16, 16, 16, 16, 16, 16, 16, 16, 16, 16, 16, 16, 16, 16, 16, 16, 
inst_per_warp, inst_executed, 83886156, 43585787728, 28, 435857877640, 63415457, 640, 640, 640, 72287605, 640, 640, 14515365, 640, 78993552, 640, 640, 28483652, 640, 83401537, 640, 640, 41584351, 640, 640, 640, 640, 53163558, 640, 640, 640, 640, 
inst_per_warp, 243224.261719
branch_efficiency, branch, 83886177, 57128728, 28, 57128764, 72174, 64, 64, 64, 71620, 64, 64, 68838, 64, 69957, 64, 64, 72999, 64, 69480, 64, 64, 72536, 64, 64, 64, 64, 72403, 64, 64, 64, 64, 
branch_efficiency, divergent_branch, 83886176, 028, 28, 00, 0, 0, 0, 0, 0, 0, 0, 0, 0, 0, 0, 0, 0, 0, 0, 0, 0, 0, 0, 0, 0, 0, 0, 0, 0, 0, 0, 
branch_efficiency, 100.000000
warp_execution_efficiency, inst_executed, 83886156, 397539928, 28, 3975399640, 511669, 640, 640, 640, 518732, 640, 640, 496472, 640, 507098, 640, 640, 441963, 640, 472483, 640, 640, 501981, 640, 640, 640, 640, 512201, 640, 640, 640, 640, 
warp_execution_efficiency, thread_inst_executed, 83886157, 12719888028, 28, 12719888020480, 16371672, 20480, 20480, 20480, 16597688, 20480, 20480, 15885368, 20480, 16225400, 20480, 20480, 14141080, 20480, 15117720, 20480, 20480, 16061656, 20480, 20480, 20480, 20480, 16388696, 20480, 20480, 20480, 20480, 
warp_execution_efficiency, 99.989083
warp_nonpred_execution_efficiency, inst_executed, 83886156, 388680028, 28, 3886800640, 492741, 640, 640, 640, 484047, 640, 640, 446492, 640, 468094, 640, 640, 506811, 640, 507763, 640, 640, 472042, 640, 640, 640, 640, 496010, 640, 640, 640, 640, 
warp_nonpred_execution_efficiency, not_predicated_off_thread_inst_executed, 83886158, 12433088028, 28, 12433088020480, 15761872, 20480, 20480, 20480, 15483664, 20480, 20480, 14281904, 20480, 14973168, 20480, 20480, 16212112, 20480, 16242576, 20480, 20480, 15099504, 20480, 20480, 20480, 20480, 15866480, 20480, 20480, 20480, 20480, 
warp_nonpred_execution_efficiency, 99.962437
inst_replay_overhead, inst_executed, 83886156, 408363328, 28, 4083633640, 514231, 640, 640, 640, 500791, 640, 640, 505782, 640, 498152, 640, 640, 513804, 640, 521861, 640, 640, 505663, 640, 640, 640, 640, 510549, 640, 640, 640, 640, 
inst_replay_overhead, inst_issued1, 83886154, 407985428, 28, 4079854544, 514012, 539, 544, 543, 500572, 536, 544, 505559, 536, 497929, 536, 539, 513583, 536, 521640, 536, 541, 505440, 536, 542, 536, 540, 510330, 536, 544, 537, 544, 
inst_replay_overhead, inst_issued2, 83886155, 254428, 28, 254464, 150, 64, 64, 64, 151, 64, 64, 157, 64, 168, 64, 64, 166, 64, 152, 64, 64, 164, 64, 64, 64, 64, 156, 64, 64, 64, 64, 
inst_replay_overhead, 0.000321
shared_store_transactions, shared_st_transactions, 83886181, 6428, 28, 640, 8, 0, 0, 0, 8, 0, 0, 8, 0, 8, 0, 0, 8, 0, 8, 0, 0, 8, 0, 0, 0, 0, 8, 0, 0, 0, 0, 
shared_store_transactions, 64
shared_load_transactions, shared_ld_transactions, 83886180, 51228, 28, 5120, 64, 0, 0, 0, 64, 0, 0, 64, 0, 64, 0, 0, 64, 0, 64, 0, 0, 64, 0, 0, 0, 0, 64, 0, 0, 0, 0, 
shared_load_transactions, 512
local_load_transactions, event_name, 352321717, 028, 28, 00, 0, 0, 0, 0, 0, 0, 0, 0, 0, 0, 0, 0, 0, 0, 0, 0, 0, 0, 0, 0, 0, 0, 0, 0, 0, 0, 0, 
local_load_transactions, event_name, 352321718, 028, 28, 00, 0, 0, 0, 0, 0, 0, 0, 0, 0, 0, 0, 0, 0, 0, 0, 0, 0, 0, 0, 0, 0, 0, 0, 0, 0, 0, 0, 
local_load_transactions, event_name, 352321719, 028, 28, 00, 0, 0, 0, 0, 0, 0, 0, 0, 0, 0, 0, 0, 0, 0, 0, 0, 0, 0, 0, 0, 0, 0, 0, 0, 0, 0, 0, 
local_load_transactions, event_name, 352321720, 028, 28, 00, 0, 0, 0, 0, 0, 0, 0, 0, 0, 0, 0, 0, 0, 0, 0, 0, 0, 0, 0, 0, 0, 0, 0, 0, 0, 0, 0, 
local_load_transactions, 0
local_store_transactions, event_name, 352321705, 028, 28, 00, 0, 0, 0, 0, 0, 0, 0, 0, 0, 0, 0, 0, 0, 0, 0, 0, 0, 0, 0, 0, 0, 0, 0, 0, 0, 0, 0, 
local_store_transactions, event_name, 352321706, 028, 28, 00, 0, 0, 0, 0, 0, 0, 0, 0, 0, 0, 0, 0, 0, 0, 0, 0, 0, 0, 0, 0, 0, 0, 0, 0, 0, 0, 0, 
local_store_transactions, 0
gst_transactions, event_name, 352321703, 028, 28, 00, 0, 0, 0, 0, 0, 0, 0, 0, 0, 0, 0, 0, 0, 0, 0, 0, 0, 0, 0, 0, 0, 0, 0, 0, 0, 0, 0, 
gst_transactions, event_name, 352321704, 028, 28, 00, 0, 0, 0, 0, 0, 0, 0, 0, 0, 0, 0, 0, 0, 0, 0, 0, 0, 0, 0, 0, 0, 0, 0, 0, 0, 0, 0, 
gst_transactions, 0
sysmem_read_transactions, event_name, 352322032, 012, 12, 00, 0, 0, 0, 0, 0, 0, 0, 0, 0, 0, 0, 
sysmem_read_transactions, event_name, 352322033, 012, 12, 00, 0, 0, 0, 0, 0, 0, 0, 0, 0, 0, 0, 
sysmem_read_transactions, 0
sysmem_write_transactions, l2_subp0_write_sysmem_sector_queries, 83886129, 312, 12, 30, 0, 0, 0, 0, 0, 0, 0, 0, 0, 0, 3, 
sysmem_write_transactions, l2_subp1_write_sysmem_sector_queries, 83886130, 212, 12, 20, 0, 0, 0, 0, 0, 0, 0, 0, 0, 0, 2, 
sysmem_write_transactions, 5
l2_read_transactions, l2_subp0_total_read_sector_queries, 83886117, 4812, 12, 480, 0, 0, 0, 0, 0, 0, 0, 0, 0, 0, 48, 
l2_read_transactions, l2_subp1_total_read_sector_queries, 83886118, 11212, 12, 1120, 0, 0, 0, 0, 0, 64, 0, 0, 0, 0, 48, 
l2_read_transactions, 160
l2_write_transactions, l2_subp0_total_write_sector_queries, 83886121, 512, 12, 50, 0, 0, 0, 0, 0, 0, 0, 0, 0, 0, 5, 
l2_write_transactions, l2_subp1_total_write_sector_queries, 83886122, 7212, 12, 720, 0, 0, 0, 0, 0, 64, 0, 0, 8, 0, 0, 
l2_write_transactions, 77
local_hit_rate, event_name, 352321717, 028, 28, 00, 0, 0, 0, 0, 0, 0, 0, 0, 0, 0, 0, 0, 0, 0, 0, 0, 0, 0, 0, 0, 0, 0, 0, 0, 0, 0, 0, 
local_hit_rate, event_name, 352321718, 028, 28, 00, 0, 0, 0, 0, 0, 0, 0, 0, 0, 0, 0, 0, 0, 0, 0, 0, 0, 0, 0, 0, 0, 0, 0, 0, 0, 0, 0, 
local_hit_rate, event_name, 352321719, 028, 28, 00, 0, 0, 0, 0, 0, 0, 0, 0, 0, 0, 0, 0, 0, 0, 0, 0, 0, 0, 0, 0, 0, 0, 0, 0, 0, 0, 0, 
local_hit_rate, event_name, 352321720, 028, 28, 00, 0, 0, 0, 0, 0, 0, 0, 0, 0, 0, 0, 0, 0, 0, 0, 0, 0, 0, 0, 0, 0, 0, 0, 0, 0, 0, 0, 
local_hit_rate, 0.000000
tex_cache_transactions, event_name, 352321723, 3228, 28, 320, 4, 0, 0, 0, 4, 0, 0, 4, 0, 4, 0, 0, 4, 0, 4, 0, 0, 4, 0, 0, 0, 0, 4, 0, 0, 0, 0, 
tex_cache_transactions, event_name, 352321724, 3228, 28, 320, 4, 0, 0, 0, 4, 0, 0, 4, 0, 4, 0, 0, 4, 0, 4, 0, 0, 4, 0, 0, 0, 0, 4, 0, 0, 0, 0, 
tex_cache_transactions, 64
flop_count_dp, event_name, 352321816, 028, 28, 00, 0, 0, 0, 0, 0, 0, 0, 0, 0, 0, 0, 0, 0, 0, 0, 0, 0, 0, 0, 0, 0, 0, 0, 0, 0, 0, 0, 
flop_count_dp, event_name, 352321817, 028, 28, 00, 0, 0, 0, 0, 0, 0, 0, 0, 0, 0, 0, 0, 0, 0, 0, 0, 0, 0, 0, 0, 0, 0, 0, 0, 0, 0, 0, 
flop_count_dp, event_name, 352321818, 028, 28, 00, 0, 0, 0, 0, 0, 0, 0, 0, 0, 0, 0, 0, 0, 0, 0, 0, 0, 0, 0, 0, 0, 0, 0, 0, 0, 0, 0, 
flop_count_dp, 0
flop_count_dp_add, event_name, 352321816, 028, 28, 00, 0, 0, 0, 0, 0, 0, 0, 0, 0, 0, 0, 0, 0, 0, 0, 0, 0, 0, 0, 0, 0, 0, 0, 0, 0, 0, 0, 
flop_count_dp_add, 0
flop_count_dp_fma, event_name, 352321818, 028, 28, 00, 0, 0, 0, 0, 0, 0, 0, 0, 0, 0, 0, 0, 0, 0, 0, 0, 0, 0, 0, 0, 0, 0, 0, 0, 0, 0, 0, 
flop_count_dp_fma, 0
flop_count_dp_mul, event_name, 352321817, 028, 28, 00, 0, 0, 0, 0, 0, 0, 0, 0, 0, 0, 0, 0, 0, 0, 0, 0, 0, 0, 0, 0, 0, 0, 0, 0, 0, 0, 0, 
flop_count_dp_mul, 0
flop_count_sp, event_name, 352321813, 028, 28, 00, 0, 0, 0, 0, 0, 0, 0, 0, 0, 0, 0, 0, 0, 0, 0, 0, 0, 0, 0, 0, 0, 0, 0, 0, 0, 0, 0, 
flop_count_sp, event_name, 352321814, 028, 28, 00, 0, 0, 0, 0, 0, 0, 0, 0, 0, 0, 0, 0, 0, 0, 0, 0, 0, 0, 0, 0, 0, 0, 0, 0, 0, 0, 0, 
flop_count_sp, event_name, 352321815, 028, 28, 00, 0, 0, 0, 0, 0, 0, 0, 0, 0, 0, 0, 0, 0, 0, 0, 0, 0, 0, 0, 0, 0, 0, 0, 0, 0, 0, 0, 
flop_count_sp, 0
flop_count_sp_add, event_name, 352321813, 028, 28, 00, 0, 0, 0, 0, 0, 0, 0, 0, 0, 0, 0, 0, 0, 0, 0, 0, 0, 0, 0, 0, 0, 0, 0, 0, 0, 0, 0, 
flop_count_sp_add, 0
flop_count_sp_fma, event_name, 352321815, 028, 28, 00, 0, 0, 0, 0, 0, 0, 0, 0, 0, 0, 0, 0, 0, 0, 0, 0, 0, 0, 0, 0, 0, 0, 0, 0, 0, 0, 0, 
flop_count_sp_fma, 0
flop_count_sp_mul, event_name, 352321814, 028, 28, 00, 0, 0, 0, 0, 0, 0, 0, 0, 0, 0, 0, 0, 0, 0, 0, 0, 0, 0, 0, 0, 0, 0, 0, 0, 0, 0, 0, 
flop_count_sp_mul, 0
inst_executed, inst_executed, 83886156, 221741928, 28, 2217419640, 275643, 640, 640, 640, 275510, 640, 640, 276175, 640, 275594, 640, 640, 275083, 640, 274978, 640, 640, 276077, 640, 640, 640, 640, 275559, 640, 640, 640, 640, 
inst_executed, 2217419
inst_issued, inst_issued1, 83886154, 392305928, 28, 3923059544, 492326, 539, 544, 544, 501538, 539, 544, 475659, 536, 473698, 537, 543, 492460, 536, 494664, 536, 544, 489792, 536, 544, 536, 544, 492116, 536, 544, 536, 544, 
inst_issued, inst_issued2, 83886155, 254728, 28, 254764, 160, 64, 64, 64, 149, 64, 64, 169, 64, 159, 64, 64, 155, 64, 161, 64, 64, 158, 64, 64, 64, 64, 156, 64, 64, 64, 64, 
inst_issued, 3928153
inst_fp_32, event_name, 352321829, 028, 28, 00, 0, 0, 0, 0, 0, 0, 0, 0, 0, 0, 0, 0, 0, 0, 0, 0, 0, 0, 0, 0, 0, 0, 0, 0, 0, 0, 0, 
inst_fp_32, 0
inst_fp_64, event_name, 352321830, 028, 28, 00, 0, 0, 0, 0, 0, 0, 0, 0, 0, 0, 0, 0, 0, 0, 0, 0, 0, 0, 0, 0, 0, 0, 0, 0, 0, 0, 0, 
inst_fp_64, 0
inst_integer, event_name, 352321831, 94918428, 28, 9491848192, 95288, 8192, 8192, 8192, 95608, 8192, 8192, 101208, 8192, 102648, 8192, 8192, 99928, 8192, 94488, 8192, 8192, 98968, 8192, 8192, 8192, 8192, 97208, 8192, 8192, 8192, 8192, 
inst_integer, 949184
inst_bit_convert, event_name, 352321832, 028, 28, 00, 0, 0, 0, 0, 0, 0, 0, 0, 0, 0, 0, 0, 0, 0, 0, 0, 0, 0, 0, 0, 0, 0, 0, 0, 0, 0, 0, 
inst_bit_convert, 0
inst_control, event_name, 352321833, 72505628, 28, 7250562048, 84672, 2048, 2048, 2048, 87328, 2048, 2048, 83552, 2048, 83616, 2048, 2048, 86560, 2048, 87200, 2048, 2048, 86464, 2048, 2048, 2048, 2048, 84704, 2048, 2048, 2048, 2048, 
inst_control, 725056
inst_compute_ld_st, event_name, 352321834, 3289628, 28, 328960, 4112, 0, 0, 0, 4112, 0, 0, 4112, 0, 4112, 0, 0, 4112, 0, 4112, 0, 0, 4112, 0, 0, 0, 0, 4112, 0, 0, 0, 0, 
inst_compute_ld_st, 32896
inst_misc, event_name, 352321835, 102886428, 28, 102886410240, 101640, 10240, 10240, 10240, 107176, 10240, 10240, 102696, 10240, 101832, 10240, 10240, 104360, 10240, 104072, 10240, 10240, 102984, 10240, 10240, 10240, 10240, 99304, 10240, 10240, 10240, 10240, 
inst_misc, 1028864
inst_inter_thread_communication, event_name, 352321836, 028, 28, 00, 0, 0, 0, 0, 0, 0, 0, 0, 0, 0, 0, 0, 0, 0, 0, 0, 0, 0, 0, 0, 0, 0, 0, 0, 0, 0, 0, 
inst_inter_thread_communication, 0
issue_slots, inst_issued1, 83886154, 221635328, 28, 2216353560, 274587, 560, 564, 568, 275072, 560, 568, 275366, 564, 275604, 565, 568, 276045, 560, 276570, 563, 568, 276017, 562, 568, 562, 568, 275820, 560, 562, 560, 562, 
issue_slots, inst_issued2, 83886155, 253328, 28, 253364, 153, 64, 64, 64, 151, 64, 64, 168, 64, 150, 64, 64, 163, 64, 162, 64, 64, 152, 64, 64, 64, 64, 154, 64, 64, 64, 64, 
issue_slots, 2218886
cf_issued, event_name, 352321576, 028, 28, 00, 0, 0, 0, 0, 0, 0, 0, 0, 0, 0, 0, 0, 0, 0, 0, 0, 0, 0, 0, 0, 0, 0, 0, 0, 0, 0, 0, 
cf_issued, event_name, 352321587, 54424728, 28, 54424764, 66426, 64, 64, 64, 72035, 64, 64, 61798, 64, 67352, 64, 64, 70016, 64, 69744, 64, 64, 69348, 64, 64, 64, 64, 66248, 64, 64, 64, 64, 
cf_issued, 544247
cf_executed, event_name, 352321576, 028, 28, 00, 0, 0, 0, 0, 0, 0, 0, 0, 0, 0, 0, 0, 0, 0, 0, 0, 0, 0, 0, 0, 0, 0, 0, 0, 0, 0, 0, 
cf_executed, event_name, 352321587, 56582228, 28, 56582264, 74001, 64, 64, 64, 70533, 64, 64, 73590, 64, 70482, 64, 64, 67897, 64, 67927, 64, 64, 66977, 64, 64, 64, 64, 73135, 64, 64, 64, 64, 
cf_executed, 565822
ldst_issued, event_name, 352321579, 390428, 28, 390464, 328, 64, 64, 64, 328, 64, 64, 328, 64, 328, 64, 64, 328, 64, 328, 64, 64, 328, 64, 64, 64, 64, 328, 64, 64, 64, 64, 
ldst_issued, event_name, 352321578, 028, 28, 00, 0, 0, 0, 0, 0, 0, 0, 0, 0, 0, 0, 0, 0, 0, 0, 0, 0, 0, 0, 0, 0, 0, 0, 0, 0, 0, 0, 
ldst_issued, event_name, 352321598, 6428, 28, 640, 8, 0, 0, 0, 8, 0, 0, 8, 0, 8, 0, 0, 8, 0, 8, 0, 0, 8, 0, 0, 0, 0, 8, 0, 0, 0, 0, 
ldst_issued, 3968
ldst_executed, event_name, 352321579, 390428, 28, 390464, 328, 64, 64, 64, 328, 64, 64, 328, 64, 328, 64, 64, 328, 64, 328, 64, 64, 328, 64, 64, 64, 64, 328, 64, 64, 64, 64, 
ldst_executed, event_name, 352321578, 028, 28, 00, 0, 0, 0, 0, 0, 0, 0, 0, 0, 0, 0, 0, 0, 0, 0, 0, 0, 0, 0, 0, 0, 0, 0, 0, 0, 0, 0, 
ldst_executed, event_name, 352321590, 57628, 28, 5760, 72, 0, 0, 0, 72, 0, 0, 72, 0, 72, 0, 0, 72, 0, 72, 0, 0, 72, 0, 0, 0, 0, 72, 0, 0, 0, 0, 
ldst_executed, 4480
l2_atomic_transactions, event_name, 352321725, 012, 12, 00, 0, 0, 0, 0, 0, 0, 0, 0, 0, 0, 0, 
l2_atomic_transactions, event_name, 352321726, 6412, 12, 640, 0, 0, 0, 0, 0, 64, 0, 0, 0, 0, 0, 
l2_atomic_transactions, 128
l2_tex_read_transactions, l2_subp0_read_tex_sector_queries, 83886101, 012, 12, 00, 0, 0, 0, 0, 0, 0, 0, 0, 0, 0, 0, 
l2_tex_read_transactions, l2_subp1_read_tex_sector_queries, 83886102, 012, 12, 00, 0, 0, 0, 0, 0, 0, 0, 0, 0, 0, 0, 
l2_tex_read_transactions, 0
l2_tex_write_transactions, l2_subp0_write_tex_sector_queries, 83886105, 012, 12, 00, 0, 0, 0, 0, 0, 0, 0, 0, 0, 0, 0, 
l2_tex_write_transactions, l2_subp1_write_tex_sector_queries, 83886106, 012, 12, 00, 0, 0, 0, 0, 0, 0, 0, 0, 0, 0, 0, 
l2_tex_write_transactions, 0
flop_count_hp, event_name, 352321826, 028, 28, 00, 0, 0, 0, 0, 0, 0, 0, 0, 0, 0, 0, 0, 0, 0, 0, 0, 0, 0, 0, 0, 0, 0, 0, 0, 0, 0, 0, 
flop_count_hp, event_name, 352321827, 028, 28, 00, 0, 0, 0, 0, 0, 0, 0, 0, 0, 0, 0, 0, 0, 0, 0, 0, 0, 0, 0, 0, 0, 0, 0, 0, 0, 0, 0, 
flop_count_hp, event_name, 352321828, 028, 28, 00, 0, 0, 0, 0, 0, 0, 0, 0, 0, 0, 0, 0, 0, 0, 0, 0, 0, 0, 0, 0, 0, 0, 0, 0, 0, 0, 0, 
flop_count_hp, 0
flop_count_hp_add, event_name, 352321826, 028, 28, 00, 0, 0, 0, 0, 0, 0, 0, 0, 0, 0, 0, 0, 0, 0, 0, 0, 0, 0, 0, 0, 0, 0, 0, 0, 0, 0, 0, 
flop_count_hp_add, 0
flop_count_hp_mul, event_name, 352321827, 028, 28, 00, 0, 0, 0, 0, 0, 0, 0, 0, 0, 0, 0, 0, 0, 0, 0, 0, 0, 0, 0, 0, 0, 0, 0, 0, 0, 0, 0, 
flop_count_hp_mul, 0
flop_count_hp_fma, event_name, 352321828, 028, 28, 00, 0, 0, 0, 0, 0, 0, 0, 0, 0, 0, 0, 0, 0, 0, 0, 0, 0, 0, 0, 0, 0, 0, 0, 0, 0, 0, 0, 
flop_count_hp_fma, 0
inst_fp_16, event_name, 352321837, 028, 28, 00, 0, 0, 0, 0, 0, 0, 0, 0, 0, 0, 0, 0, 0, 0, 0, 0, 0, 0, 0, 0, 0, 0, 0, 0, 0, 0, 0, 
inst_fp_16, 0
pcie_total_data_transmitted, event_name, 352321900, 01, 1, 00, 
pcie_total_data_transmitted, 0
pcie_total_data_received, event_name, 352321902, 01, 1, 00, 
pcie_total_data_received, 0
inst_executed_surface_loads, event_name, 352321573, 028, 28, 00, 0, 0, 0, 0, 0, 0, 0, 0, 0, 0, 0, 0, 0, 0, 0, 0, 0, 0, 0, 0, 0, 0, 0, 0, 0, 0, 0, 
inst_executed_surface_loads, 0
inst_executed_surface_stores, event_name, 352321574, 028, 28, 00, 0, 0, 0, 0, 0, 0, 0, 0, 0, 0, 0, 0, 0, 0, 0, 0, 0, 0, 0, 0, 0, 0, 0, 0, 0, 0, 0, 
inst_executed_surface_stores, 0
inst_executed_global_atomics, global_atom_cas, 83886173, 028, 28, 00, 0, 0, 0, 0, 0, 0, 0, 0, 0, 0, 0, 0, 0, 0, 0, 0, 0, 0, 0, 0, 0, 0, 0, 0, 0, 0, 0, 
inst_executed_global_atomics, atom_count, 83886174, 6428, 28, 640, 8, 0, 0, 0, 8, 0, 0, 8, 0, 8, 0, 0, 8, 0, 8, 0, 0, 8, 0, 0, 0, 0, 8, 0, 0, 0, 0, 
inst_executed_global_atomics, 64
inst_executed_global_reductions, gred_count, 83886175, 028, 28, 00, 0, 0, 0, 0, 0, 0, 0, 0, 0, 0, 0, 0, 0, 0, 0, 0, 0, 0, 0, 0, 0, 0, 0, 0, 0, 0, 0, 
inst_executed_global_reductions, 0
inst_executed_surface_atomics, event_name, 352321572, 028, 28, 00, 0, 0, 0, 0, 0, 0, 0, 0, 0, 0, 0, 0, 0, 0, 0, 0, 0, 0, 0, 0, 0, 0, 0, 0, 0, 0, 0, 
inst_executed_surface_atomics, event_name, 352321571, 028, 28, 00, 0, 0, 0, 0, 0, 0, 0, 0, 0, 0, 0, 0, 0, 0, 0, 0, 0, 0, 0, 0, 0, 0, 0, 0, 0, 0, 0, 
inst_executed_surface_atomics, 0
inst_executed_surface_reductions, event_name, 352321575, 028, 28, 00, 0, 0, 0, 0, 0, 0, 0, 0, 0, 0, 0, 0, 0, 0, 0, 0, 0, 0, 0, 0, 0, 0, 0, 0, 0, 0, 0, 
inst_executed_surface_reductions, 0
inst_executed_shared_atomics, inst_executed_shared_atom_cas, 83886171, 028, 28, 00, 0, 0, 0, 0, 0, 0, 0, 0, 0, 0, 0, 0, 0, 0, 0, 0, 0, 0, 0, 0, 0, 0, 0, 0, 0, 0, 0, 
inst_executed_shared_atomics, shared_atom, 83886172, 028, 28, 00, 0, 0, 0, 0, 0, 0, 0, 0, 0, 0, 0, 0, 0, 0, 0, 0, 0, 0, 0, 0, 0, 0, 0, 0, 0, 0, 0, 
inst_executed_shared_atomics, 0
inst_executed_tex_ops, event_name, 352322008, 028, 28, 00, 0, 0, 0, 0, 0, 0, 0, 0, 0, 0, 0, 0, 0, 0, 0, 0, 0, 0, 0, 0, 0, 0, 0, 0, 0, 0, 0, 
inst_executed_tex_ops, event_name, 352322009, 028, 28, 00, 0, 0, 0, 0, 0, 0, 0, 0, 0, 0, 0, 0, 0, 0, 0, 0, 0, 0, 0, 0, 0, 0, 0, 0, 0, 0, 0, 
inst_executed_tex_ops, event_name, 352322010, 028, 28, 00, 0, 0, 0, 0, 0, 0, 0, 0, 0, 0, 0, 0, 0, 0, 0, 0, 0, 0, 0, 0, 0, 0, 0, 0, 0, 0, 0, 
inst_executed_tex_ops, event_name, 352322011, 028, 28, 00, 0, 0, 0, 0, 0, 0, 0, 0, 0, 0, 0, 0, 0, 0, 0, 0, 0, 0, 0, 0, 0, 0, 0, 0, 0, 0, 0, 
inst_executed_tex_ops, 0
l2_surface_load_bytes, event_name, 352322012, 028, 28, 00, 0, 0, 0, 0, 0, 0, 0, 0, 0, 0, 0, 0, 0, 0, 0, 0, 0, 0, 0, 0, 0, 0, 0, 0, 0, 0, 0, 
l2_surface_load_bytes, event_name, 352322013, 028, 28, 00, 0, 0, 0, 0, 0, 0, 0, 0, 0, 0, 0, 0, 0, 0, 0, 0, 0, 0, 0, 0, 0, 0, 0, 0, 0, 0, 0, 
l2_surface_load_bytes, 0
l2_global_reduction_bytes, event_name, 352321711, 028, 28, 00, 0, 0, 0, 0, 0, 0, 0, 0, 0, 0, 0, 0, 0, 0, 0, 0, 0, 0, 0, 0, 0, 0, 0, 0, 0, 0, 0, 
l2_global_reduction_bytes, event_name, 352321712, 028, 28, 00, 0, 0, 0, 0, 0, 0, 0, 0, 0, 0, 0, 0, 0, 0, 0, 0, 0, 0, 0, 0, 0, 0, 0, 0, 0, 0, 0, 
l2_global_reduction_bytes, 0
l2_global_atomic_store_bytes, event_name, 352321709, 3228, 28, 320, 4, 0, 0, 0, 4, 0, 0, 4, 0, 4, 0, 0, 4, 0, 4, 0, 0, 4, 0, 0, 0, 0, 4, 0, 0, 0, 0, 
l2_global_atomic_store_bytes, event_name, 352321710, 3228, 28, 320, 4, 0, 0, 0, 4, 0, 0, 4, 0, 4, 0, 0, 4, 0, 4, 0, 0, 4, 0, 0, 0, 0, 4, 0, 0, 0, 0, 
l2_global_atomic_store_bytes, 2048
l2_surface_store_bytes, event_name, 352322014, 028, 28, 00, 0, 0, 0, 0, 0, 0, 0, 0, 0, 0, 0, 0, 0, 0, 0, 0, 0, 0, 0, 0, 0, 0, 0, 0, 0, 0, 0, 
l2_surface_store_bytes, event_name, 352322015, 028, 28, 00, 0, 0, 0, 0, 0, 0, 0, 0, 0, 0, 0, 0, 0, 0, 0, 0, 0, 0, 0, 0, 0, 0, 0, 0, 0, 0, 0, 
l2_surface_store_bytes, 0
l2_surface_reduction_bytes, event_name, 352322018, 028, 28, 00, 0, 0, 0, 0, 0, 0, 0, 0, 0, 0, 0, 0, 0, 0, 0, 0, 0, 0, 0, 0, 0, 0, 0, 0, 0, 0, 0, 
l2_surface_reduction_bytes, event_name, 352322019, 028, 28, 00, 0, 0, 0, 0, 0, 0, 0, 0, 0, 0, 0, 0, 0, 0, 0, 0, 0, 0, 0, 0, 0, 0, 0, 0, 0, 0, 0, 
l2_surface_reduction_bytes, 0
l2_surface_atomic_store_bytes, event_name, 352322016, 028, 28, 00, 0, 0, 0, 0, 0, 0, 0, 0, 0, 0, 0, 0, 0, 0, 0, 0, 0, 0, 0, 0, 0, 0, 0, 0, 0, 0, 0, 
l2_surface_atomic_store_bytes, event_name, 352322017, 028, 28, 00, 0, 0, 0, 0, 0, 0, 0, 0, 0, 0, 0, 0, 0, 0, 0, 0, 0, 0, 0, 0, 0, 0, 0, 0, 0, 0, 0, 
l2_surface_atomic_store_bytes, 0
global_load_requests, event_name, 352322048, 028, 28, 00, 0, 0, 0, 0, 0, 0, 0, 0, 0, 0, 0, 0, 0, 0, 0, 0, 0, 0, 0, 0, 0, 0, 0, 0, 0, 0, 0, 
global_load_requests, event_name, 352322049, 028, 28, 00, 0, 0, 0, 0, 0, 0, 0, 0, 0, 0, 0, 0, 0, 0, 0, 0, 0, 0, 0, 0, 0, 0, 0, 0, 0, 0, 0, 
global_load_requests, event_name, 352322050, 028, 28, 00, 0, 0, 0, 0, 0, 0, 0, 0, 0, 0, 0, 0, 0, 0, 0, 0, 0, 0, 0, 0, 0, 0, 0, 0, 0, 0, 0, 
global_load_requests, event_name, 352322051, 028, 28, 00, 0, 0, 0, 0, 0, 0, 0, 0, 0, 0, 0, 0, 0, 0, 0, 0, 0, 0, 0, 0, 0, 0, 0, 0, 0, 0, 0, 
global_load_requests, 0
local_load_requests, event_name, 352322052, 028, 28, 00, 0, 0, 0, 0, 0, 0, 0, 0, 0, 0, 0, 0, 0, 0, 0, 0, 0, 0, 0, 0, 0, 0, 0, 0, 0, 0, 0, 
local_load_requests, event_name, 352322053, 028, 28, 00, 0, 0, 0, 0, 0, 0, 0, 0, 0, 0, 0, 0, 0, 0, 0, 0, 0, 0, 0, 0, 0, 0, 0, 0, 0, 0, 0, 
local_load_requests, event_name, 352322054, 028, 28, 00, 0, 0, 0, 0, 0, 0, 0, 0, 0, 0, 0, 0, 0, 0, 0, 0, 0, 0, 0, 0, 0, 0, 0, 0, 0, 0, 0, 
local_load_requests, event_name, 352322055, 028, 28, 00, 0, 0, 0, 0, 0, 0, 0, 0, 0, 0, 0, 0, 0, 0, 0, 0, 0, 0, 0, 0, 0, 0, 0, 0, 0, 0, 0, 
local_load_requests, 0
surface_load_requests, event_name, 352321693, 028, 28, 00, 0, 0, 0, 0, 0, 0, 0, 0, 0, 0, 0, 0, 0, 0, 0, 0, 0, 0, 0, 0, 0, 0, 0, 0, 0, 0, 0, 
surface_load_requests, event_name, 352321694, 028, 28, 00, 0, 0, 0, 0, 0, 0, 0, 0, 0, 0, 0, 0, 0, 0, 0, 0, 0, 0, 0, 0, 0, 0, 0, 0, 0, 0, 0, 
surface_load_requests, 0
global_store_requests, event_name, 352321635, 028, 28, 00, 0, 0, 0, 0, 0, 0, 0, 0, 0, 0, 0, 0, 0, 0, 0, 0, 0, 0, 0, 0, 0, 0, 0, 0, 0, 0, 0, 
global_store_requests, event_name, 352321636, 028, 28, 00, 0, 0, 0, 0, 0, 0, 0, 0, 0, 0, 0, 0, 0, 0, 0, 0, 0, 0, 0, 0, 0, 0, 0, 0, 0, 0, 0, 
global_store_requests, 0
local_store_requests, event_name, 352321641, 028, 28, 00, 0, 0, 0, 0, 0, 0, 0, 0, 0, 0, 0, 0, 0, 0, 0, 0, 0, 0, 0, 0, 0, 0, 0, 0, 0, 0, 0, 
local_store_requests, event_name, 352321642, 028, 28, 00, 0, 0, 0, 0, 0, 0, 0, 0, 0, 0, 0, 0, 0, 0, 0, 0, 0, 0, 0, 0, 0, 0, 0, 0, 0, 0, 0, 
local_store_requests, 0
surface_store_requests, event_name, 352321695, 028, 28, 00, 0, 0, 0, 0, 0, 0, 0, 0, 0, 0, 0, 0, 0, 0, 0, 0, 0, 0, 0, 0, 0, 0, 0, 0, 0, 0, 0, 
surface_store_requests, event_name, 352321696, 028, 28, 00, 0, 0, 0, 0, 0, 0, 0, 0, 0, 0, 0, 0, 0, 0, 0, 0, 0, 0, 0, 0, 0, 0, 0, 0, 0, 0, 0, 
surface_store_requests, 0
global_atomic_requests, event_name, 352321667, 3228, 28, 320, 4, 0, 0, 0, 4, 0, 0, 4, 0, 4, 0, 0, 4, 0, 4, 0, 0, 4, 0, 0, 0, 0, 4, 0, 0, 0, 0, 
global_atomic_requests, event_name, 352321668, 3228, 28, 320, 4, 0, 0, 0, 4, 0, 0, 4, 0, 4, 0, 0, 4, 0, 4, 0, 0, 4, 0, 0, 0, 0, 4, 0, 0, 0, 0, 
global_atomic_requests, event_name, 352321673, 028, 28, 00, 0, 0, 0, 0, 0, 0, 0, 0, 0, 0, 0, 0, 0, 0, 0, 0, 0, 0, 0, 0, 0, 0, 0, 0, 0, 0, 0, 
global_atomic_requests, event_name, 352321674, 028, 28, 00, 0, 0, 0, 0, 0, 0, 0, 0, 0, 0, 0, 0, 0, 0, 0, 0, 0, 0, 0, 0, 0, 0, 0, 0, 0, 0, 0, 
global_atomic_requests, 64
global_reduction_requests, event_name, 352321679, 028, 28, 00, 0, 0, 0, 0, 0, 0, 0, 0, 0, 0, 0, 0, 0, 0, 0, 0, 0, 0, 0, 0, 0, 0, 0, 0, 0, 0, 0, 
global_reduction_requests, event_name, 352321680, 028, 28, 00, 0, 0, 0, 0, 0, 0, 0, 0, 0, 0, 0, 0, 0, 0, 0, 0, 0, 0, 0, 0, 0, 0, 0, 0, 0, 0, 0, 
global_reduction_requests, 0
surface_atomic_requests, event_name, 352322056, 028, 28, 00, 0, 0, 0, 0, 0, 0, 0, 0, 0, 0, 0, 0, 0, 0, 0, 0, 0, 0, 0, 0, 0, 0, 0, 0, 0, 0, 0, 
surface_atomic_requests, event_name, 352322057, 028, 28, 00, 0, 0, 0, 0, 0, 0, 0, 0, 0, 0, 0, 0, 0, 0, 0, 0, 0, 0, 0, 0, 0, 0, 0, 0, 0, 0, 0, 
surface_atomic_requests, event_name, 352322058, 028, 28, 00, 0, 0, 0, 0, 0, 0, 0, 0, 0, 0, 0, 0, 0, 0, 0, 0, 0, 0, 0, 0, 0, 0, 0, 0, 0, 0, 0, 
surface_atomic_requests, event_name, 352322059, 028, 28, 00, 0, 0, 0, 0, 0, 0, 0, 0, 0, 0, 0, 0, 0, 0, 0, 0, 0, 0, 0, 0, 0, 0, 0, 0, 0, 0, 0, 
surface_atomic_requests, 0
surface_reduction_requests, event_name, 352322060, 028, 28, 00, 0, 0, 0, 0, 0, 0, 0, 0, 0, 0, 0, 0, 0, 0, 0, 0, 0, 0, 0, 0, 0, 0, 0, 0, 0, 0, 0, 
surface_reduction_requests, event_name, 352322061, 028, 28, 00, 0, 0, 0, 0, 0, 0, 0, 0, 0, 0, 0, 0, 0, 0, 0, 0, 0, 0, 0, 0, 0, 0, 0, 0, 0, 0, 0, 
surface_reduction_requests, 0
sysmem_read_bytes, event_name, 352322032, 012, 12, 00, 0, 0, 0, 0, 0, 0, 0, 0, 0, 0, 0, 
sysmem_read_bytes, event_name, 352322033, 012, 12, 00, 0, 0, 0, 0, 0, 0, 0, 0, 0, 0, 0, 
sysmem_read_bytes, 0
sysmem_write_bytes, l2_subp0_write_sysmem_sector_queries, 83886129, 112, 12, 10, 0, 0, 0, 0, 0, 0, 0, 0, 0, 0, 1, 
sysmem_write_bytes, l2_subp1_write_sysmem_sector_queries, 83886130, 412, 12, 40, 0, 0, 0, 0, 0, 0, 0, 0, 4, 0, 0, 
sysmem_write_bytes, 160
texture_load_requests, event_name, 352322062, 028, 28, 00, 0, 0, 0, 0, 0, 0, 0, 0, 0, 0, 0, 0, 0, 0, 0, 0, 0, 0, 0, 0, 0, 0, 0, 0, 0, 0, 0, 
texture_load_requests, event_name, 352322063, 028, 28, 00, 0, 0, 0, 0, 0, 0, 0, 0, 0, 0, 0, 0, 0, 0, 0, 0, 0, 0, 0, 0, 0, 0, 0, 0, 0, 0, 0, 
texture_load_requests, 0
unique_warps_launched, event_name, 352322064, 44828, 28, 44816, 16, 16, 16, 16, 16, 16, 16, 16, 16, 16, 16, 16, 16, 16, 16, 16, 16, 16, 16, 16, 16, 16, 16, 16, 16, 16, 16, 
unique_warps_launched, event_name, 352322065, 44828, 28, 44816, 16, 16, 16, 16, 16, 16, 16, 16, 16, 16, 16, 16, 16, 16, 16, 16, 16, 16, 16, 16, 16, 16, 16, 16, 16, 16, 16, 
unique_warps_launched, event_name, 352322066, 44828, 28, 44816, 16, 16, 16, 16, 16, 16, 16, 16, 16, 16, 16, 16, 16, 16, 16, 16, 16, 16, 16, 16, 16, 16, 16, 16, 16, 16, 16, 
unique_warps_launched, event_name, 352322067, 44828, 28, 44816, 16, 16, 16, 16, 16, 16, 16, 16, 16, 16, 16, 16, 16, 16, 16, 16, 16, 16, 16, 16, 16, 16, 16, 16, 16, 16, 16, 
unique_warps_launched, 1792
sm_efficiency, elapsed_cycles_sm, 83886133, 578549328, 28, 5785493206891, 206891, 206891, 206891, 206391, 206391, 206391, 206391, 206404, 206404, 206404, 206404, 206404, 206715, 206715, 206715, 206715, 206715, 206491, 206491, 206491, 206491, 206491, 206863, 206863, 206863, 206863, 206863, 
sm_efficiency, active_cycles, 83886159, 162627628, 28, 1626276636, 201686, 641, 636, 635, 201831, 632, 638, 201642, 649, 201638, 649, 650, 201623, 648, 201731, 651, 635, 201639, 637, 638, 650, 635, 201670, 636, 634, 648, 638, 
sm_efficiency, 28.109549
achieved_occupancy, active_warps, 83886160, 6632715828, 28, 6632715814916, 8210288, 13640, 15328, 14384, 8271234, 13294, 14826, 8207406, 12706, 8463116, 12962, 14018, 8187310, 12134, 8313486, 12434, 13274, 8137242, 12376, 13940, 12770, 13706, 8263974, 13166, 15092, 13300, 14836, 
achieved_occupancy, active_cycles, 83886159, 162637828, 28, 1626378634, 201794, 649, 649, 636, 201653, 646, 646, 201655, 648, 201748, 647, 645, 201637, 644, 201716, 631, 629, 201631, 649, 644, 637, 638, 201704, 660, 631, 645, 632, 
achieved_occupancy, 0.637221
ipc, inst_executed, 83886156, 395680028, 28, 3956800640, 504865, 640, 640, 640, 489612, 640, 640, 467261, 640, 471552, 640, 640, 513335, 640, 517654, 640, 640, 472280, 640, 640, 640, 640, 507441, 640, 640, 640, 640, 
ipc, active_cycles, 83886159, 162625128, 28, 1626251631, 201670, 653, 649, 636, 201678, 652, 648, 201656, 648, 201636, 642, 634, 201636, 647, 201648, 648, 650, 201757, 650, 634, 654, 633, 201700, 640, 636, 648, 637, 
ipc, 2.433081
issued_ipc, inst_issued1, 83886154, 396051628, 28, 3960516544, 488798, 541, 544, 543, 504450, 538, 544, 512569, 536, 479135, 536, 539, 491696, 536, 480074, 536, 539, 504180, 536, 540, 536, 540, 488826, 536, 544, 536, 544, 
issued_ipc, inst_issued2, 83886155, 255428, 28, 255464, 156, 64, 64, 64, 159, 64, 64, 164, 64, 158, 64, 64, 164, 64, 169, 64, 64, 154, 64, 64, 64, 64, 150, 64, 64, 64, 64, 
issued_ipc, active_cycles, 83886159, 162618628, 28, 1626186633, 201783, 650, 637, 633, 201667, 648, 651, 201656, 647, 201631, 642, 634, 201693, 645, 201574, 652, 631, 201621, 646, 639, 639, 635, 201728, 659, 636, 643, 633, 
issued_ipc, 2.438604
issue_slot_utilization, inst_issued1, 83886154, 390393028, 28, 3903930544, 504954, 539, 544, 544, 485753, 539, 544, 455787, 536, 453497, 537, 543, 518744, 536, 516714, 537, 544, 463647, 536, 544, 536, 544, 494027, 536, 544, 536, 544, 
issue_slot_utilization, inst_issued2, 83886155, 255828, 28, 255864, 159, 64, 64, 64, 153, 64, 64, 158, 64, 166, 64, 64, 154, 64, 149, 64, 64, 169, 64, 64, 64, 64, 170, 64, 64, 64, 64, 
issue_slot_utilization, active_cycles, 83886159, 162642728, 28, 1626427637, 201781, 640, 634, 635, 201650, 632, 636, 201761, 649, 201668, 650, 650, 201704, 650, 201720, 651, 635, 201618, 649, 636, 655, 637, 201688, 638, 640, 645, 638, 
issue_slot_utilization, 60.047085
eligible_warps_per_cycle, inst_issued1, 83886154, 403995028, 28, 4039950544, 479285, 539, 544, 544, 484094, 536, 544, 524402, 536, 498887, 536, 539, 492555, 536, 518441, 536, 541, 517074, 536, 540, 536, 540, 514425, 536, 544, 536, 544, 
eligible_warps_per_cycle, inst_issued2, 83886155, 256028, 28, 256064, 165, 64, 64, 64, 152, 64, 64, 158, 64, 173, 64, 64, 167, 64, 152, 64, 64, 160, 64, 64, 64, 64, 153, 64, 64, 64, 64, 
eligible_warps_per_cycle, event_name, 352321555, 87066428, 28, 870664168, 97397, 118, 162, 122, 98650, 98, 133, 125456, 99, 102088, 130, 116, 108563, 118, 107937, 115, 117, 105699, 91, 111, 130, 137, 122416, 110, 134, 103, 146, 
eligible_warps_per_cycle, active_cycles, 83886159, 162598628, 28, 1625986638, 201659, 644, 641, 635, 201690, 639, 636, 201735, 644, 201605, 635, 645, 201596, 637, 201716, 640, 646, 201553, 638, 638, 640, 638, 201650, 643, 634, 632, 639, 
eligible_warps_per_cycle, 3.021658
dram_read_transactions, fb_subp0_read_sectors, 83886085, 06, 6, 00, 0, 0, 0, 0, 0, 
dram_read_transactions, fb_subp1_read_sectors, 83886086, 06, 6, 00, 0, 0, 0, 0, 0, 
dram_read_transactions, 0
dram_write_transactions, fb_subp0_write_sectors, 83886087, 06, 6, 00, 0, 0, 0, 0, 0, 
dram_write_transactions, fb_subp1_write_sectors, 83886088, 06, 6, 00, 0, 0, 0, 0, 0, 
dram_write_transactions, 0
ecc_transactions, fb_subp0_write_sectors, 83886087, 06, 6, 00, 0, 0, 0, 0, 0, 
ecc_transactions, fb_subp1_write_sectors, 83886088, 06, 6, 00, 0, 0, 0, 0, 0, 
ecc_transactions, fb_subp0_read_sectors, 83886085, 06, 6, 00, 0, 0, 0, 0, 0, 
ecc_transactions, fb_subp1_read_sectors, 83886086, 06, 6, 00, 0, 0, 0, 0, 0, 
ecc_transactions, l2_subp0_read_sector_misses, 83886097, 012, 12, 00, 0, 0, 0, 0, 0, 0, 0, 0, 0, 0, 0, 
ecc_transactions, l2_subp1_read_sector_misses, 83886098, 012, 12, 00, 0, 0, 0, 0, 0, 0, 0, 0, 0, 0, 0, 
ecc_transactions, l2_subp0_write_sector_misses, 83886093, 012, 12, 00, 0, 0, 0, 0, 0, 0, 0, 0, 0, 0, 0, 
ecc_transactions, l2_subp1_write_sector_misses, 83886094, 012, 12, 00, 0, 0, 0, 0, 0, 0, 0, 0, 0, 0, 0, 
ecc_transactions, 0
dram_read_bytes, fb_subp0_read_sectors, 83886085, 06, 6, 00, 0, 0, 0, 0, 0, 
dram_read_bytes, fb_subp1_read_sectors, 83886086, 06, 6, 00, 0, 0, 0, 0, 0, 
dram_read_bytes, 0
dram_write_bytes, fb_subp0_write_sectors, 83886087, 06, 6, 00, 0, 0, 0, 0, 0, 
dram_write_bytes, fb_subp1_write_sectors, 83886088, 46, 6, 40, 0, 0, 0, 4, 0, 
dram_write_bytes, 128
MetricName, EventName, Sum, TotalInstances, NumInstances, Normalized, Values, ...
inst_per_warp, event_name, 352322064, 44828, 28, 44816, 16, 16, 16, 16, 16, 16, 16, 16, 16, 16, 16, 16, 16, 16, 16, 16, 16, 16, 16, 16, 16, 16, 16, 16, 16, 16, 16, 
inst_per_warp, event_name, 352322065, 44828, 28, 44816, 16, 16, 16, 16, 16, 16, 16, 16, 16, 16, 16, 16, 16, 16, 16, 16, 16, 16, 16, 16, 16, 16, 16, 16, 16, 16, 16, 
inst_per_warp, event_name, 352322066, 44828, 28, 44816, 16, 16, 16, 16, 16, 16, 16, 16, 16, 16, 16, 16, 16, 16, 16, 16, 16, 16, 16, 16, 16, 16, 16, 16, 16, 16, 16, 
inst_per_warp, event_name, 352322067, 44828, 28, 44816, 16, 16, 16, 16, 16, 16, 16, 16, 16, 16, 16, 16, 16, 16, 16, 16, 16, 16, 16, 16, 16, 16, 16, 16, 16, 16, 16, 
inst_per_warp, inst_executed, 83886156, 43598168628, 28, 435981686640, 63407220, 640, 640, 640, 72291364, 640, 640, 14652335, 640, 78994690, 640, 640, 28566083, 640, 83323979, 640, 640, 41572745, 640, 640, 640, 640, 53160470, 640, 640, 640, 640, 
inst_per_warp, 243293.351562
branch_efficiency, branch, 83886177, 54227428, 28, 54227464, 67821, 64, 64, 64, 67638, 64, 64, 69086, 64, 69087, 64, 64, 65835, 64, 66284, 64, 64, 68755, 64, 64, 64, 64, 66488, 64, 64, 64, 64, 
branch_efficiency, divergent_branch, 83886176, 028, 28, 00, 0, 0, 0, 0, 0, 0, 0, 0, 0, 0, 0, 0, 0, 0, 0, 0, 0, 0, 0, 0, 0, 0, 0, 0, 0, 0, 0, 
branch_efficiency, 100.000000
warp_execution_efficiency, inst_executed, 83886156, 404339028, 28, 4043390640, 517955, 640, 640, 640, 505789, 640, 640, 504151, 640, 506076, 640, 640, 489360, 640, 508120, 640, 640, 483074, 640, 640, 640, 640, 516065, 640, 640, 640, 640, 
warp_execution_efficiency, thread_inst_executed, 83886157, 12937459228, 28, 12937459220480, 16572824, 20480, 20480, 20480, 16183512, 20480, 20480, 16131096, 20480, 16192696, 20480, 20480, 15657784, 20480, 16258104, 20480, 20480, 15456632, 20480, 20480, 20480, 20480, 16512344, 20480, 20480, 20480, 20480, 
warp_execution_efficiency, 99.989266
warp_nonpred_execution_efficiency, inst_executed, 83886156, 406940228, 28, 4069402640, 518165, 640, 640, 640, 505201, 640, 640, 500203, 640, 513069, 640, 640, 506433, 640, 505369, 640, 640, 491502, 640, 640, 640, 640, 516660, 640, 640, 640, 640, 
warp_nonpred_execution_efficiency, not_predicated_off_thread_inst_executed, 83886158, 13017414428, 28, 13017414420480, 16575440, 20480, 20480, 20480, 16160592, 20480, 20480, 16000656, 20480, 16412368, 20480, 20480, 16200016, 20480, 16165968, 20480, 20480, 15722224, 20480, 20480, 20480, 20480, 16527280, 20480, 20480, 20480, 20480, 
warp_nonpred_execution_efficiency, 99.964122
inst_replay_overhead, inst_executed, 83886156, 398469528, 28, 3984695640, 517640, 640, 640, 640, 512523, 640, 640, 460205, 640, 463873, 640, 640, 512159, 640, 502835, 640, 640, 490249, 640, 640, 640, 640, 512411, 640, 640, 640, 640, 
inst_replay_overhead, inst_issued1, 83886154, 398092028, 28, 3980920544, 517422, 539, 544, 543, 512304, 536, 544, 459984, 536, 463654, 536, 543, 511934, 536, 502611, 536, 538, 490029, 536, 542, 536, 540, 512192, 536, 544, 537, 544, 
inst_replay_overhead, inst_issued2, 83886155, 254428, 28, 254464, 160, 64, 64, 64, 148, 64, 64, 155, 64, 159, 64, 64, 158, 64, 162, 64, 64, 162, 64, 64, 64, 64, 160, 64, 64, 64, 64, 
inst_replay_overhead, 0.000330
shared_store_transactions, shared_st_transactions, 83886181, 6428, 28, 640, 8, 0, 0, 0, 8, 0, 0, 8, 0, 8, 0, 0, 8, 0, 8, 0, 0, 8, 0, 0, 0, 0, 8, 0, 0, 0, 0, 
shared_store_transactions, 64
shared_load_transactions, shared_ld_transactions, 83886180, 51228, 28, 5120, 64, 0, 0, 0, 64, 0, 0, 64, 0, 64, 0, 0, 64, 0, 64, 0, 0, 64, 0, 0, 0, 0, 64, 0, 0, 0, 0, 
shared_load_transactions, 512
local_load_transactions, event_name, 352321717, 028, 28, 00, 0, 0, 0, 0, 0, 0, 0, 0, 0, 0, 0, 0, 0, 0, 0, 0, 0, 0, 0, 0, 0, 0, 0, 0, 0, 0, 0, 
local_load_transactions, event_name, 352321718, 028, 28, 00, 0, 0, 0, 0, 0, 0, 0, 0, 0, 0, 0, 0, 0, 0, 0, 0, 0, 0, 0, 0, 0, 0, 0, 0, 0, 0, 0, 
local_load_transactions, event_name, 352321719, 028, 28, 00, 0, 0, 0, 0, 0, 0, 0, 0, 0, 0, 0, 0, 0, 0, 0, 0, 0, 0, 0, 0, 0, 0, 0, 0, 0, 0, 0, 
local_load_transactions, event_name, 352321720, 028, 28, 00, 0, 0, 0, 0, 0, 0, 0, 0, 0, 0, 0, 0, 0, 0, 0, 0, 0, 0, 0, 0, 0, 0, 0, 0, 0, 0, 0, 
local_load_transactions, 0
local_store_transactions, event_name, 352321705, 028, 28, 00, 0, 0, 0, 0, 0, 0, 0, 0, 0, 0, 0, 0, 0, 0, 0, 0, 0, 0, 0, 0, 0, 0, 0, 0, 0, 0, 0, 
local_store_transactions, event_name, 352321706, 028, 28, 00, 0, 0, 0, 0, 0, 0, 0, 0, 0, 0, 0, 0, 0, 0, 0, 0, 0, 0, 0, 0, 0, 0, 0, 0, 0, 0, 0, 
local_store_transactions, 0
gst_transactions, event_name, 352321703, 028, 28, 00, 0, 0, 0, 0, 0, 0, 0, 0, 0, 0, 0, 0, 0, 0, 0, 0, 0, 0, 0, 0, 0, 0, 0, 0, 0, 0, 0, 
gst_transactions, event_name, 352321704, 028, 28, 00, 0, 0, 0, 0, 0, 0, 0, 0, 0, 0, 0, 0, 0, 0, 0, 0, 0, 0, 0, 0, 0, 0, 0, 0, 0, 0, 0, 
gst_transactions, 0
sysmem_read_transactions, event_name, 352322032, 012, 12, 00, 0, 0, 0, 0, 0, 0, 0, 0, 0, 0, 0, 
sysmem_read_transactions, event_name, 352322033, 012, 12, 00, 0, 0, 0, 0, 0, 0, 0, 0, 0, 0, 0, 
sysmem_read_transactions, 0
sysmem_write_transactions, l2_subp0_write_sysmem_sector_queries, 83886129, 212, 12, 20, 0, 0, 0, 0, 2, 0, 0, 0, 0, 0, 0, 
sysmem_write_transactions, l2_subp1_write_sysmem_sector_queries, 83886130, 512, 12, 50, 0, 0, 0, 3, 2, 0, 0, 0, 0, 0, 0, 
sysmem_write_transactions, 7
l2_read_transactions, l2_subp0_total_read_sector_queries, 83886117, 4812, 12, 480, 0, 0, 0, 0, 0, 0, 0, 0, 0, 0, 48, 
l2_read_transactions, l2_subp1_total_read_sector_queries, 83886118, 11212, 12, 1120, 0, 0, 0, 0, 0, 64, 0, 0, 0, 0, 48, 
l2_read_transactions, 160
l2_write_transactions, l2_subp0_total_write_sector_queries, 83886121, 412, 12, 40, 0, 0, 0, 0, 4, 0, 0, 0, 0, 0, 0, 
l2_write_transactions, l2_subp1_total_write_sector_queries, 83886122, 7512, 12, 750, 0, 0, 0, 3, 0, 64, 0, 0, 8, 0, 0, 
l2_write_transactions, 79
local_hit_rate, event_name, 352321717, 028, 28, 00, 0, 0, 0, 0, 0, 0, 0, 0, 0, 0, 0, 0, 0, 0, 0, 0, 0, 0, 0, 0, 0, 0, 0, 0, 0, 0, 0, 
local_hit_rate, event_name, 352321718, 028, 28, 00, 0, 0, 0, 0, 0, 0, 0, 0, 0, 0, 0, 0, 0, 0, 0, 0, 0, 0, 0, 0, 0, 0, 0, 0, 0, 0, 0, 
local_hit_rate, event_name, 352321719, 028, 28, 00, 0, 0, 0, 0, 0, 0, 0, 0, 0, 0, 0, 0, 0, 0, 0, 0, 0, 0, 0, 0, 0, 0, 0, 0, 0, 0, 0, 
local_hit_rate, event_name, 352321720, 028, 28, 00, 0, 0, 0, 0, 0, 0, 0, 0, 0, 0, 0, 0, 0, 0, 0, 0, 0, 0, 0, 0, 0, 0, 0, 0, 0, 0, 0, 
local_hit_rate, 0.000000
tex_cache_transactions, event_name, 352321723, 3228, 28, 320, 4, 0, 0, 0, 4, 0, 0, 4, 0, 4, 0, 0, 4, 0, 4, 0, 0, 4, 0, 0, 0, 0, 4, 0, 0, 0, 0, 
tex_cache_transactions, event_name, 352321724, 3228, 28, 320, 4, 0, 0, 0, 4, 0, 0, 4, 0, 4, 0, 0, 4, 0, 4, 0, 0, 4, 0, 0, 0, 0, 4, 0, 0, 0, 0, 
tex_cache_transactions, 64
flop_count_dp, event_name, 352321816, 028, 28, 00, 0, 0, 0, 0, 0, 0, 0, 0, 0, 0, 0, 0, 0, 0, 0, 0, 0, 0, 0, 0, 0, 0, 0, 0, 0, 0, 0, 
flop_count_dp, event_name, 352321817, 028, 28, 00, 0, 0, 0, 0, 0, 0, 0, 0, 0, 0, 0, 0, 0, 0, 0, 0, 0, 0, 0, 0, 0, 0, 0, 0, 0, 0, 0, 
flop_count_dp, event_name, 352321818, 028, 28, 00, 0, 0, 0, 0, 0, 0, 0, 0, 0, 0, 0, 0, 0, 0, 0, 0, 0, 0, 0, 0, 0, 0, 0, 0, 0, 0, 0, 
flop_count_dp, 0
flop_count_dp_add, event_name, 352321816, 028, 28, 00, 0, 0, 0, 0, 0, 0, 0, 0, 0, 0, 0, 0, 0, 0, 0, 0, 0, 0, 0, 0, 0, 0, 0, 0, 0, 0, 0, 
flop_count_dp_add, 0
flop_count_dp_fma, event_name, 352321818, 028, 28, 00, 0, 0, 0, 0, 0, 0, 0, 0, 0, 0, 0, 0, 0, 0, 0, 0, 0, 0, 0, 0, 0, 0, 0, 0, 0, 0, 0, 
flop_count_dp_fma, 0
flop_count_dp_mul, event_name, 352321817, 028, 28, 00, 0, 0, 0, 0, 0, 0, 0, 0, 0, 0, 0, 0, 0, 0, 0, 0, 0, 0, 0, 0, 0, 0, 0, 0, 0, 0, 0, 
flop_count_dp_mul, 0
flop_count_sp, event_name, 352321813, 028, 28, 00, 0, 0, 0, 0, 0, 0, 0, 0, 0, 0, 0, 0, 0, 0, 0, 0, 0, 0, 0, 0, 0, 0, 0, 0, 0, 0, 0, 
flop_count_sp, event_name, 352321814, 028, 28, 00, 0, 0, 0, 0, 0, 0, 0, 0, 0, 0, 0, 0, 0, 0, 0, 0, 0, 0, 0, 0, 0, 0, 0, 0, 0, 0, 0, 
flop_count_sp, event_name, 352321815, 028, 28, 00, 0, 0, 0, 0, 0, 0, 0, 0, 0, 0, 0, 0, 0, 0, 0, 0, 0, 0, 0, 0, 0, 0, 0, 0, 0, 0, 0, 
flop_count_sp, 0
flop_count_sp_add, event_name, 352321813, 028, 28, 00, 0, 0, 0, 0, 0, 0, 0, 0, 0, 0, 0, 0, 0, 0, 0, 0, 0, 0, 0, 0, 0, 0, 0, 0, 0, 0, 0, 
flop_count_sp_add, 0
flop_count_sp_fma, event_name, 352321815, 028, 28, 00, 0, 0, 0, 0, 0, 0, 0, 0, 0, 0, 0, 0, 0, 0, 0, 0, 0, 0, 0, 0, 0, 0, 0, 0, 0, 0, 0, 
flop_count_sp_fma, 0
flop_count_sp_mul, event_name, 352321814, 028, 28, 00, 0, 0, 0, 0, 0, 0, 0, 0, 0, 0, 0, 0, 0, 0, 0, 0, 0, 0, 0, 0, 0, 0, 0, 0, 0, 0, 0, 
flop_count_sp_mul, 0
inst_executed, inst_executed, 83886156, 221059428, 28, 2210594640, 274915, 640, 640, 640, 275475, 640, 640, 274047, 640, 274691, 640, 640, 274348, 640, 274747, 640, 640, 274467, 640, 640, 640, 640, 275104, 640, 640, 640, 640, 
inst_executed, 2210594
inst_issued, inst_issued1, 83886154, 389753128, 28, 3897531544, 479593, 539, 544, 544, 470479, 539, 544, 487752, 536, 487957, 536, 536, 468785, 536, 469394, 536, 544, 506304, 536, 544, 536, 544, 516469, 536, 544, 536, 544, 
inst_issued, inst_issued2, 83886155, 252428, 28, 252464, 148, 64, 64, 64, 158, 64, 64, 161, 64, 164, 64, 64, 156, 64, 155, 64, 64, 145, 64, 64, 64, 64, 157, 64, 64, 64, 64, 
inst_issued, 3902579
inst_fp_32, event_name, 352321829, 028, 28, 00, 0, 0, 0, 0, 0, 0, 0, 0, 0, 0, 0, 0, 0, 0, 0, 0, 0, 0, 0, 0, 0, 0, 0, 0, 0, 0, 0, 
inst_fp_32, 0
inst_fp_64, event_name, 352321830, 028, 28, 00, 0, 0, 0, 0, 0, 0, 0, 0, 0, 0, 0, 0, 0, 0, 0, 0, 0, 0, 0, 0, 0, 0, 0, 0, 0, 0, 0, 
inst_fp_64, 0
inst_integer, event_name, 352321831, 96886428, 28, 9688648192, 105048, 8192, 8192, 8192, 99128, 8192, 8192, 98008, 8192, 102328, 8192, 8192, 100248, 8192, 99608, 8192, 8192, 101848, 8192, 8192, 8192, 8192, 98808, 8192, 8192, 8192, 8192, 
inst_integer, 968864
inst_bit_convert, event_name, 352321832, 028, 28, 00, 0, 0, 0, 0, 0, 0, 0, 0, 0, 0, 0, 0, 0, 0, 0, 0, 0, 0, 0, 0, 0, 0, 0, 0, 0, 0, 0, 
inst_bit_convert, 0
inst_control, event_name, 352321833, 72726428, 28, 7272642048, 89792, 2048, 2048, 2048, 86656, 2048, 2048, 87552, 2048, 83200, 2048, 2048, 87328, 2048, 84800, 2048, 2048, 80736, 2048, 2048, 2048, 2048, 86240, 2048, 2048, 2048, 2048, 
inst_control, 727264
inst_compute_ld_st, event_name, 352321834, 3289628, 28, 328960, 4112, 0, 0, 0, 4112, 0, 0, 4112, 0, 4112, 0, 0, 4112, 0, 4112, 0, 0, 4112, 0, 0, 0, 0, 4112, 0, 0, 0, 0, 
inst_compute_ld_st, 32896
inst_misc, event_name, 352321835, 104697628, 28, 104697610240, 101288, 10240, 10240, 10240, 106152, 10240, 10240, 99080, 10240, 99720, 10240, 10240, 109640, 10240, 109544, 10240, 10240, 107112, 10240, 10240, 10240, 10240, 109640, 10240, 10240, 10240, 10240, 
inst_misc, 1046976
inst_inter_thread_communication, event_name, 352321836, 028, 28, 00, 0, 0, 0, 0, 0, 0, 0, 0, 0, 0, 0, 0, 0, 0, 0, 0, 0, 0, 0, 0, 0, 0, 0, 0, 0, 0, 0, 
inst_inter_thread_communication, 0
issue_slots, inst_issued1, 83886154, 232596928, 28, 2325969567, 274799, 560, 568, 560, 275219, 560, 565, 275176, 560, 275492, 560, 568, 331926, 560, 332675, 560, 566, 274799, 560, 568, 560, 566, 274622, 560, 566, 560, 567, 
issue_slots, inst_issued2, 83886155, 255528, 28, 255564, 159, 64, 64, 64, 149, 64, 64, 157, 64, 172, 64, 64, 165, 64, 156, 64, 64, 163, 64, 64, 64, 64, 154, 64, 64, 64, 64, 
issue_slots, 2328524
cf_issued, event_name, 352321576, 028, 28, 00, 0, 0, 0, 0, 0, 0, 0, 0, 0, 0, 0, 0, 0, 0, 0, 0, 0, 0, 0, 0, 0, 0, 0, 0, 0, 0, 0, 
cf_issued, event_name, 352321587, 57928528, 28, 57928564, 72928, 64, 64, 64, 72833, 64, 64, 74076, 64, 73630, 64, 64, 71205, 64, 71826, 64, 64, 69168, 64, 64, 64, 64, 72339, 64, 64, 64, 64, 
cf_issued, 579285
cf_executed, event_name, 352321576, 028, 28, 00, 0, 0, 0, 0, 0, 0, 0, 0, 0, 0, 0, 0, 0, 0, 0, 0, 0, 0, 0, 0, 0, 0, 0, 0, 0, 0, 0, 
cf_executed, event_name, 352321587, 55635628, 28, 55635664, 70003, 64, 64, 64, 66549, 64, 64, 69634, 64, 71291, 64, 64, 68439, 64, 67872, 64, 64, 74104, 64, 64, 64, 64, 67184, 64, 64, 64, 64, 
cf_executed, 556356
ldst_issued, event_name, 352321579, 390428, 28, 390464, 328, 64, 64, 64, 328, 64, 64, 328, 64, 328, 64, 64, 328, 64, 328, 64, 64, 328, 64, 64, 64, 64, 328, 64, 64, 64, 64, 
ldst_issued, event_name, 352321578, 028, 28, 00, 0, 0, 0, 0, 0, 0, 0, 0, 0, 0, 0, 0, 0, 0, 0, 0, 0, 0, 0, 0, 0, 0, 0, 0, 0, 0, 0, 
ldst_issued, event_name, 352321598, 6428, 28, 640, 8, 0, 0, 0, 8, 0, 0, 8, 0, 8, 0, 0, 8, 0, 8, 0, 0, 8, 0, 0, 0, 0, 8, 0, 0, 0, 0, 
ldst_issued, 3968
ldst_executed, event_name, 352321579, 390428, 28, 390464, 328, 64, 64, 64, 328, 64, 64, 328, 64, 328, 64, 64, 328, 64, 328, 64, 64, 328, 64, 64, 64, 64, 328, 64, 64, 64, 64, 
ldst_executed, event_name, 352321578, 028, 28, 00, 0, 0, 0, 0, 0, 0, 0, 0, 0, 0, 0, 0, 0, 0, 0, 0, 0, 0, 0, 0, 0, 0, 0, 0, 0, 0, 0, 
ldst_executed, event_name, 352321590, 57628, 28, 5760, 72, 0, 0, 0, 72, 0, 0, 72, 0, 72, 0, 0, 72, 0, 72, 0, 0, 72, 0, 0, 0, 0, 72, 0, 0, 0, 0, 
ldst_executed, 4480
l2_atomic_transactions, event_name, 352321725, 012, 12, 00, 0, 0, 0, 0, 0, 0, 0, 0, 0, 0, 0, 
l2_atomic_transactions, event_name, 352321726, 6412, 12, 640, 0, 0, 0, 0, 0, 64, 0, 0, 0, 0, 0, 
l2_atomic_transactions, 128
l2_tex_read_transactions, l2_subp0_read_tex_sector_queries, 83886101, 012, 12, 00, 0, 0, 0, 0, 0, 0, 0, 0, 0, 0, 0, 
l2_tex_read_transactions, l2_subp1_read_tex_sector_queries, 83886102, 012, 12, 00, 0, 0, 0, 0, 0, 0, 0, 0, 0, 0, 0, 
l2_tex_read_transactions, 0
l2_tex_write_transactions, l2_subp0_write_tex_sector_queries, 83886105, 012, 12, 00, 0, 0, 0, 0, 0, 0, 0, 0, 0, 0, 0, 
l2_tex_write_transactions, l2_subp1_write_tex_sector_queries, 83886106, 012, 12, 00, 0, 0, 0, 0, 0, 0, 0, 0, 0, 0, 0, 
l2_tex_write_transactions, 0
flop_count_hp, event_name, 352321826, 028, 28, 00, 0, 0, 0, 0, 0, 0, 0, 0, 0, 0, 0, 0, 0, 0, 0, 0, 0, 0, 0, 0, 0, 0, 0, 0, 0, 0, 0, 
flop_count_hp, event_name, 352321827, 028, 28, 00, 0, 0, 0, 0, 0, 0, 0, 0, 0, 0, 0, 0, 0, 0, 0, 0, 0, 0, 0, 0, 0, 0, 0, 0, 0, 0, 0, 
flop_count_hp, event_name, 352321828, 028, 28, 00, 0, 0, 0, 0, 0, 0, 0, 0, 0, 0, 0, 0, 0, 0, 0, 0, 0, 0, 0, 0, 0, 0, 0, 0, 0, 0, 0, 
flop_count_hp, 0
flop_count_hp_add, event_name, 352321826, 028, 28, 00, 0, 0, 0, 0, 0, 0, 0, 0, 0, 0, 0, 0, 0, 0, 0, 0, 0, 0, 0, 0, 0, 0, 0, 0, 0, 0, 0, 
flop_count_hp_add, 0
flop_count_hp_mul, event_name, 352321827, 028, 28, 00, 0, 0, 0, 0, 0, 0, 0, 0, 0, 0, 0, 0, 0, 0, 0, 0, 0, 0, 0, 0, 0, 0, 0, 0, 0, 0, 0, 
flop_count_hp_mul, 0
flop_count_hp_fma, event_name, 352321828, 028, 28, 00, 0, 0, 0, 0, 0, 0, 0, 0, 0, 0, 0, 0, 0, 0, 0, 0, 0, 0, 0, 0, 0, 0, 0, 0, 0, 0, 0, 
flop_count_hp_fma, 0
inst_fp_16, event_name, 352321837, 028, 28, 00, 0, 0, 0, 0, 0, 0, 0, 0, 0, 0, 0, 0, 0, 0, 0, 0, 0, 0, 0, 0, 0, 0, 0, 0, 0, 0, 0, 
inst_fp_16, 0
pcie_total_data_transmitted, event_name, 352321900, 11, 1, 11, 
pcie_total_data_transmitted, 512
pcie_total_data_received, event_name, 352321902, 01, 1, 00, 
pcie_total_data_received, 0
inst_executed_surface_loads, event_name, 352321573, 028, 28, 00, 0, 0, 0, 0, 0, 0, 0, 0, 0, 0, 0, 0, 0, 0, 0, 0, 0, 0, 0, 0, 0, 0, 0, 0, 0, 0, 0, 
inst_executed_surface_loads, 0
inst_executed_surface_stores, event_name, 352321574, 028, 28, 00, 0, 0, 0, 0, 0, 0, 0, 0, 0, 0, 0, 0, 0, 0, 0, 0, 0, 0, 0, 0, 0, 0, 0, 0, 0, 0, 0, 
inst_executed_surface_stores, 0
inst_executed_global_atomics, global_atom_cas, 83886173, 028, 28, 00, 0, 0, 0, 0, 0, 0, 0, 0, 0, 0, 0, 0, 0, 0, 0, 0, 0, 0, 0, 0, 0, 0, 0, 0, 0, 0, 0, 
inst_executed_global_atomics, atom_count, 83886174, 6428, 28, 640, 8, 0, 0, 0, 8, 0, 0, 8, 0, 8, 0, 0, 8, 0, 8, 0, 0, 8, 0, 0, 0, 0, 8, 0, 0, 0, 0, 
inst_executed_global_atomics, 64
inst_executed_global_reductions, gred_count, 83886175, 028, 28, 00, 0, 0, 0, 0, 0, 0, 0, 0, 0, 0, 0, 0, 0, 0, 0, 0, 0, 0, 0, 0, 0, 0, 0, 0, 0, 0, 0, 
inst_executed_global_reductions, 0
inst_executed_surface_atomics, event_name, 352321572, 028, 28, 00, 0, 0, 0, 0, 0, 0, 0, 0, 0, 0, 0, 0, 0, 0, 0, 0, 0, 0, 0, 0, 0, 0, 0, 0, 0, 0, 0, 
inst_executed_surface_atomics, event_name, 352321571, 028, 28, 00, 0, 0, 0, 0, 0, 0, 0, 0, 0, 0, 0, 0, 0, 0, 0, 0, 0, 0, 0, 0, 0, 0, 0, 0, 0, 0, 0, 
inst_executed_surface_atomics, 0
inst_executed_surface_reductions, event_name, 352321575, 028, 28, 00, 0, 0, 0, 0, 0, 0, 0, 0, 0, 0, 0, 0, 0, 0, 0, 0, 0, 0, 0, 0, 0, 0, 0, 0, 0, 0, 0, 
inst_executed_surface_reductions, 0
inst_executed_shared_atomics, inst_executed_shared_atom_cas, 83886171, 028, 28, 00, 0, 0, 0, 0, 0, 0, 0, 0, 0, 0, 0, 0, 0, 0, 0, 0, 0, 0, 0, 0, 0, 0, 0, 0, 0, 0, 0, 
inst_executed_shared_atomics, shared_atom, 83886172, 028, 28, 00, 0, 0, 0, 0, 0, 0, 0, 0, 0, 0, 0, 0, 0, 0, 0, 0, 0, 0, 0, 0, 0, 0, 0, 0, 0, 0, 0, 
inst_executed_shared_atomics, 0
inst_executed_tex_ops, event_name, 352322008, 028, 28, 00, 0, 0, 0, 0, 0, 0, 0, 0, 0, 0, 0, 0, 0, 0, 0, 0, 0, 0, 0, 0, 0, 0, 0, 0, 0, 0, 0, 
inst_executed_tex_ops, event_name, 352322009, 028, 28, 00, 0, 0, 0, 0, 0, 0, 0, 0, 0, 0, 0, 0, 0, 0, 0, 0, 0, 0, 0, 0, 0, 0, 0, 0, 0, 0, 0, 
inst_executed_tex_ops, event_name, 352322010, 028, 28, 00, 0, 0, 0, 0, 0, 0, 0, 0, 0, 0, 0, 0, 0, 0, 0, 0, 0, 0, 0, 0, 0, 0, 0, 0, 0, 0, 0, 
inst_executed_tex_ops, event_name, 352322011, 028, 28, 00, 0, 0, 0, 0, 0, 0, 0, 0, 0, 0, 0, 0, 0, 0, 0, 0, 0, 0, 0, 0, 0, 0, 0, 0, 0, 0, 0, 
inst_executed_tex_ops, 0
l2_surface_load_bytes, event_name, 352322012, 028, 28, 00, 0, 0, 0, 0, 0, 0, 0, 0, 0, 0, 0, 0, 0, 0, 0, 0, 0, 0, 0, 0, 0, 0, 0, 0, 0, 0, 0, 
l2_surface_load_bytes, event_name, 352322013, 028, 28, 00, 0, 0, 0, 0, 0, 0, 0, 0, 0, 0, 0, 0, 0, 0, 0, 0, 0, 0, 0, 0, 0, 0, 0, 0, 0, 0, 0, 
l2_surface_load_bytes, 0
l2_global_reduction_bytes, event_name, 352321711, 028, 28, 00, 0, 0, 0, 0, 0, 0, 0, 0, 0, 0, 0, 0, 0, 0, 0, 0, 0, 0, 0, 0, 0, 0, 0, 0, 0, 0, 0, 
l2_global_reduction_bytes, event_name, 352321712, 028, 28, 00, 0, 0, 0, 0, 0, 0, 0, 0, 0, 0, 0, 0, 0, 0, 0, 0, 0, 0, 0, 0, 0, 0, 0, 0, 0, 0, 0, 
l2_global_reduction_bytes, 0
l2_global_atomic_store_bytes, event_name, 352321709, 3228, 28, 320, 4, 0, 0, 0, 4, 0, 0, 4, 0, 4, 0, 0, 4, 0, 4, 0, 0, 4, 0, 0, 0, 0, 4, 0, 0, 0, 0, 
l2_global_atomic_store_bytes, event_name, 352321710, 3228, 28, 320, 4, 0, 0, 0, 4, 0, 0, 4, 0, 4, 0, 0, 4, 0, 4, 0, 0, 4, 0, 0, 0, 0, 4, 0, 0, 0, 0, 
l2_global_atomic_store_bytes, 2048
l2_surface_store_bytes, event_name, 352322014, 028, 28, 00, 0, 0, 0, 0, 0, 0, 0, 0, 0, 0, 0, 0, 0, 0, 0, 0, 0, 0, 0, 0, 0, 0, 0, 0, 0, 0, 0, 
l2_surface_store_bytes, event_name, 352322015, 028, 28, 00, 0, 0, 0, 0, 0, 0, 0, 0, 0, 0, 0, 0, 0, 0, 0, 0, 0, 0, 0, 0, 0, 0, 0, 0, 0, 0, 0, 
l2_surface_store_bytes, 0
l2_surface_reduction_bytes, event_name, 352322018, 028, 28, 00, 0, 0, 0, 0, 0, 0, 0, 0, 0, 0, 0, 0, 0, 0, 0, 0, 0, 0, 0, 0, 0, 0, 0, 0, 0, 0, 0, 
l2_surface_reduction_bytes, event_name, 352322019, 028, 28, 00, 0, 0, 0, 0, 0, 0, 0, 0, 0, 0, 0, 0, 0, 0, 0, 0, 0, 0, 0, 0, 0, 0, 0, 0, 0, 0, 0, 
l2_surface_reduction_bytes, 0
l2_surface_atomic_store_bytes, event_name, 352322016, 028, 28, 00, 0, 0, 0, 0, 0, 0, 0, 0, 0, 0, 0, 0, 0, 0, 0, 0, 0, 0, 0, 0, 0, 0, 0, 0, 0, 0, 0, 
l2_surface_atomic_store_bytes, event_name, 352322017, 028, 28, 00, 0, 0, 0, 0, 0, 0, 0, 0, 0, 0, 0, 0, 0, 0, 0, 0, 0, 0, 0, 0, 0, 0, 0, 0, 0, 0, 0, 
l2_surface_atomic_store_bytes, 0
global_load_requests, event_name, 352322048, 028, 28, 00, 0, 0, 0, 0, 0, 0, 0, 0, 0, 0, 0, 0, 0, 0, 0, 0, 0, 0, 0, 0, 0, 0, 0, 0, 0, 0, 0, 
global_load_requests, event_name, 352322049, 028, 28, 00, 0, 0, 0, 0, 0, 0, 0, 0, 0, 0, 0, 0, 0, 0, 0, 0, 0, 0, 0, 0, 0, 0, 0, 0, 0, 0, 0, 
global_load_requests, event_name, 352322050, 028, 28, 00, 0, 0, 0, 0, 0, 0, 0, 0, 0, 0, 0, 0, 0, 0, 0, 0, 0, 0, 0, 0, 0, 0, 0, 0, 0, 0, 0, 
global_load_requests, event_name, 352322051, 028, 28, 00, 0, 0, 0, 0, 0, 0, 0, 0, 0, 0, 0, 0, 0, 0, 0, 0, 0, 0, 0, 0, 0, 0, 0, 0, 0, 0, 0, 
global_load_requests, 0
local_load_requests, event_name, 352322052, 028, 28, 00, 0, 0, 0, 0, 0, 0, 0, 0, 0, 0, 0, 0, 0, 0, 0, 0, 0, 0, 0, 0, 0, 0, 0, 0, 0, 0, 0, 
local_load_requests, event_name, 352322053, 028, 28, 00, 0, 0, 0, 0, 0, 0, 0, 0, 0, 0, 0, 0, 0, 0, 0, 0, 0, 0, 0, 0, 0, 0, 0, 0, 0, 0, 0, 
local_load_requests, event_name, 352322054, 028, 28, 00, 0, 0, 0, 0, 0, 0, 0, 0, 0, 0, 0, 0, 0, 0, 0, 0, 0, 0, 0, 0, 0, 0, 0, 0, 0, 0, 0, 
local_load_requests, event_name, 352322055, 028, 28, 00, 0, 0, 0, 0, 0, 0, 0, 0, 0, 0, 0, 0, 0, 0, 0, 0, 0, 0, 0, 0, 0, 0, 0, 0, 0, 0, 0, 
local_load_requests, 0
surface_load_requests, event_name, 352321693, 028, 28, 00, 0, 0, 0, 0, 0, 0, 0, 0, 0, 0, 0, 0, 0, 0, 0, 0, 0, 0, 0, 0, 0, 0, 0, 0, 0, 0, 0, 
surface_load_requests, event_name, 352321694, 028, 28, 00, 0, 0, 0, 0, 0, 0, 0, 0, 0, 0, 0, 0, 0, 0, 0, 0, 0, 0, 0, 0, 0, 0, 0, 0, 0, 0, 0, 
surface_load_requests, 0
global_store_requests, event_name, 352321635, 028, 28, 00, 0, 0, 0, 0, 0, 0, 0, 0, 0, 0, 0, 0, 0, 0, 0, 0, 0, 0, 0, 0, 0, 0, 0, 0, 0, 0, 0, 
global_store_requests, event_name, 352321636, 028, 28, 00, 0, 0, 0, 0, 0, 0, 0, 0, 0, 0, 0, 0, 0, 0, 0, 0, 0, 0, 0, 0, 0, 0, 0, 0, 0, 0, 0, 
global_store_requests, 0
local_store_requests, event_name, 352321641, 028, 28, 00, 0, 0, 0, 0, 0, 0, 0, 0, 0, 0, 0, 0, 0, 0, 0, 0, 0, 0, 0, 0, 0, 0, 0, 0, 0, 0, 0, 
local_store_requests, event_name, 352321642, 028, 28, 00, 0, 0, 0, 0, 0, 0, 0, 0, 0, 0, 0, 0, 0, 0, 0, 0, 0, 0, 0, 0, 0, 0, 0, 0, 0, 0, 0, 
local_store_requests, 0
surface_store_requests, event_name, 352321695, 028, 28, 00, 0, 0, 0, 0, 0, 0, 0, 0, 0, 0, 0, 0, 0, 0, 0, 0, 0, 0, 0, 0, 0, 0, 0, 0, 0, 0, 0, 
surface_store_requests, event_name, 352321696, 028, 28, 00, 0, 0, 0, 0, 0, 0, 0, 0, 0, 0, 0, 0, 0, 0, 0, 0, 0, 0, 0, 0, 0, 0, 0, 0, 0, 0, 0, 
surface_store_requests, 0
global_atomic_requests, event_name, 352321667, 3228, 28, 320, 4, 0, 0, 0, 4, 0, 0, 4, 0, 4, 0, 0, 4, 0, 4, 0, 0, 4, 0, 0, 0, 0, 4, 0, 0, 0, 0, 
global_atomic_requests, event_name, 352321668, 3228, 28, 320, 4, 0, 0, 0, 4, 0, 0, 4, 0, 4, 0, 0, 4, 0, 4, 0, 0, 4, 0, 0, 0, 0, 4, 0, 0, 0, 0, 
global_atomic_requests, event_name, 352321673, 028, 28, 00, 0, 0, 0, 0, 0, 0, 0, 0, 0, 0, 0, 0, 0, 0, 0, 0, 0, 0, 0, 0, 0, 0, 0, 0, 0, 0, 0, 
global_atomic_requests, event_name, 352321674, 028, 28, 00, 0, 0, 0, 0, 0, 0, 0, 0, 0, 0, 0, 0, 0, 0, 0, 0, 0, 0, 0, 0, 0, 0, 0, 0, 0, 0, 0, 
global_atomic_requests, 64
global_reduction_requests, event_name, 352321679, 028, 28, 00, 0, 0, 0, 0, 0, 0, 0, 0, 0, 0, 0, 0, 0, 0, 0, 0, 0, 0, 0, 0, 0, 0, 0, 0, 0, 0, 0, 
global_reduction_requests, event_name, 352321680, 028, 28, 00, 0, 0, 0, 0, 0, 0, 0, 0, 0, 0, 0, 0, 0, 0, 0, 0, 0, 0, 0, 0, 0, 0, 0, 0, 0, 0, 0, 
global_reduction_requests, 0
surface_atomic_requests, event_name, 352322056, 028, 28, 00, 0, 0, 0, 0, 0, 0, 0, 0, 0, 0, 0, 0, 0, 0, 0, 0, 0, 0, 0, 0, 0, 0, 0, 0, 0, 0, 0, 
surface_atomic_requests, event_name, 352322057, 028, 28, 00, 0, 0, 0, 0, 0, 0, 0, 0, 0, 0, 0, 0, 0, 0, 0, 0, 0, 0, 0, 0, 0, 0, 0, 0, 0, 0, 0, 
surface_atomic_requests, event_name, 352322058, 028, 28, 00, 0, 0, 0, 0, 0, 0, 0, 0, 0, 0, 0, 0, 0, 0, 0, 0, 0, 0, 0, 0, 0, 0, 0, 0, 0, 0, 0, 
surface_atomic_requests, event_name, 352322059, 028, 28, 00, 0, 0, 0, 0, 0, 0, 0, 0, 0, 0, 0, 0, 0, 0, 0, 0, 0, 0, 0, 0, 0, 0, 0, 0, 0, 0, 0, 
surface_atomic_requests, 0
surface_reduction_requests, event_name, 352322060, 028, 28, 00, 0, 0, 0, 0, 0, 0, 0, 0, 0, 0, 0, 0, 0, 0, 0, 0, 0, 0, 0, 0, 0, 0, 0, 0, 0, 0, 0, 
surface_reduction_requests, event_name, 352322061, 028, 28, 00, 0, 0, 0, 0, 0, 0, 0, 0, 0, 0, 0, 0, 0, 0, 0, 0, 0, 0, 0, 0, 0, 0, 0, 0, 0, 0, 0, 
surface_reduction_requests, 0
sysmem_read_bytes, event_name, 352322032, 012, 12, 00, 0, 0, 0, 0, 0, 0, 0, 0, 0, 0, 0, 
sysmem_read_bytes, event_name, 352322033, 012, 12, 00, 0, 0, 0, 0, 0, 0, 0, 0, 0, 0, 0, 
sysmem_read_bytes, 0
sysmem_write_bytes, l2_subp0_write_sysmem_sector_queries, 83886129, 012, 12, 00, 0, 0, 0, 0, 0, 0, 0, 0, 0, 0, 0, 
sysmem_write_bytes, l2_subp1_write_sysmem_sector_queries, 83886130, 712, 12, 70, 0, 0, 0, 3, 0, 0, 4, 0, 0, 0, 0, 
sysmem_write_bytes, 224
texture_load_requests, event_name, 352322062, 028, 28, 00, 0, 0, 0, 0, 0, 0, 0, 0, 0, 0, 0, 0, 0, 0, 0, 0, 0, 0, 0, 0, 0, 0, 0, 0, 0, 0, 0, 
texture_load_requests, event_name, 352322063, 028, 28, 00, 0, 0, 0, 0, 0, 0, 0, 0, 0, 0, 0, 0, 0, 0, 0, 0, 0, 0, 0, 0, 0, 0, 0, 0, 0, 0, 0, 
texture_load_requests, 0
unique_warps_launched, event_name, 352322064, 44828, 28, 44816, 16, 16, 16, 16, 16, 16, 16, 16, 16, 16, 16, 16, 16, 16, 16, 16, 16, 16, 16, 16, 16, 16, 16, 16, 16, 16, 16, 
unique_warps_launched, event_name, 352322065, 44828, 28, 44816, 16, 16, 16, 16, 16, 16, 16, 16, 16, 16, 16, 16, 16, 16, 16, 16, 16, 16, 16, 16, 16, 16, 16, 16, 16, 16, 16, 
unique_warps_launched, event_name, 352322066, 44828, 28, 44816, 16, 16, 16, 16, 16, 16, 16, 16, 16, 16, 16, 16, 16, 16, 16, 16, 16, 16, 16, 16, 16, 16, 16, 16, 16, 16, 16, 
unique_warps_launched, event_name, 352322067, 44828, 28, 44816, 16, 16, 16, 16, 16, 16, 16, 16, 16, 16, 16, 16, 16, 16, 16, 16, 16, 16, 16, 16, 16, 16, 16, 16, 16, 16, 16, 
unique_warps_launched, 1792
sm_efficiency, elapsed_cycles_sm, 83886133, 578032928, 28, 5780329206391, 206391, 206391, 206391, 206515, 206515, 206515, 206515, 206269, 206269, 206269, 206269, 206269, 206552, 206552, 206552, 206552, 206552, 206356, 206356, 206356, 206356, 206356, 206564, 206564, 206564, 206564, 206564, 
sm_efficiency, active_cycles, 83886159, 162678728, 28, 1626787664, 201697, 663, 675, 658, 201808, 651, 672, 201729, 652, 201692, 649, 659, 201713, 652, 201696, 654, 652, 201652, 653, 666, 645, 664, 201641, 653, 667, 651, 659, 
sm_efficiency, 28.143502
achieved_occupancy, active_warps, 83886160, 6646036028, 28, 6646036014686, 8297082, 13868, 15288, 13656, 8331200, 13082, 14528, 8316586, 12664, 8296044, 13122, 13838, 8275790, 12202, 8209068, 12646, 13282, 8182716, 12450, 13782, 12826, 13608, 8279014, 13214, 15304, 13706, 15108, 
achieved_occupancy, active_cycles, 83886159, 162606828, 28, 1626068636, 201695, 639, 638, 640, 201740, 645, 638, 201624, 635, 201617, 643, 647, 201671, 636, 201647, 642, 636, 201619, 635, 639, 643, 639, 201663, 648, 633, 644, 636, 
achieved_occupancy, 0.638622
ipc, inst_executed, 83886156, 387644028, 28, 3876440640, 489563, 640, 640, 640, 492111, 640, 640, 479511, 640, 482990, 640, 640, 468458, 640, 488562, 640, 640, 495912, 640, 640, 640, 640, 466533, 640, 640, 640, 640, 
ipc, active_cycles, 83886159, 162621428, 28, 1626214635, 201688, 638, 637, 638, 201680, 649, 634, 201659, 636, 201654, 644, 636, 201645, 639, 201719, 651, 641, 201620, 649, 639, 655, 639, 201735, 639, 634, 645, 636, 
ipc, 2.383721
issued_ipc, inst_issued1, 83886154, 402298128, 28, 4022981544, 510492, 539, 544, 543, 510813, 536, 544, 499226, 536, 495056, 536, 543, 487965, 536, 495562, 536, 538, 508354, 536, 542, 536, 540, 504723, 536, 544, 537, 544, 
issued_ipc, inst_issued2, 83886155, 255728, 28, 255764, 165, 64, 64, 64, 148, 64, 64, 160, 64, 164, 64, 64, 166, 64, 165, 64, 64, 150, 64, 64, 64, 64, 159, 64, 64, 64, 64, 
issued_ipc, active_cycles, 83886159, 162624228, 28, 1626242635, 201672, 660, 639, 648, 201722, 660, 652, 201742, 638, 201629, 648, 654, 201651, 639, 201634, 633, 652, 201634, 638, 644, 640, 652, 201655, 657, 635, 638, 641, 
issued_ipc, 2.476935
issue_slot_utilization, inst_issued1, 83886154, 408585828, 28, 4085858544, 497261, 539, 544, 543, 504219, 539, 544, 513477, 536, 517147, 536, 536, 503477, 536, 512283, 536, 544, 512912, 536, 544, 536, 544, 514285, 536, 544, 536, 544, 
issue_slot_utilization, inst_issued2, 83886155, 250328, 28, 250364, 155, 64, 64, 64, 145, 64, 64, 153, 64, 154, 64, 64, 164, 64, 149, 64, 64, 151, 64, 64, 64, 64, 152, 64, 64, 64, 64, 
issue_slot_utilization, active_cycles, 83886159, 162617528, 28, 1626175638, 201674, 651, 635, 638, 201724, 653, 640, 201597, 636, 201684, 644, 650, 201613, 647, 201645, 643, 639, 201673, 650, 636, 656, 640, 201711, 643, 634, 645, 636, 
issue_slot_utilization, 62.852414
eligible_warps_per_cycle, inst_issued1, 83886154, 375559128, 28, 3755591544, 473139, 536, 544, 539, 468036, 536, 540, 453879, 536, 478154, 536, 539, 470870, 536, 467453, 536, 536, 472461, 536, 540, 536, 536, 460833, 536, 544, 536, 544, 
eligible_warps_per_cycle, inst_issued2, 83886155, 255128, 28, 255164, 150, 64, 64, 64, 176, 64, 64, 169, 64, 164, 64, 64, 160, 64, 152, 64, 64, 145, 64, 64, 64, 64, 155, 64, 64, 64, 64, 
eligible_warps_per_cycle, event_name, 352321555, 74666028, 28, 746660112, 92425, 121, 119, 107, 89345, 100, 114, 94379, 80, 94898, 105, 113, 93681, 97, 91170, 94, 77, 95455, 93, 102, 118, 113, 93140, 92, 165, 119, 126, 
eligible_warps_per_cycle, active_cycles, 83886159, 162650528, 28, 1626505658, 201696, 665, 672, 656, 201736, 651, 668, 201648, 662, 201691, 654, 658, 201615, 653, 201649, 645, 662, 201622, 654, 657, 647, 665, 201687, 654, 653, 659, 668, 
eligible_warps_per_cycle, 2.769621
dram_read_transactions, fb_subp0_read_sectors, 83886085, 06, 6, 00, 0, 0, 0, 0, 0, 
dram_read_transactions, fb_subp1_read_sectors, 83886086, 06, 6, 00, 0, 0, 0, 0, 0, 
dram_read_transactions, 0
dram_write_transactions, fb_subp0_write_sectors, 83886087, 06, 6, 00, 0, 0, 0, 0, 0, 
dram_write_transactions, fb_subp1_write_sectors, 83886088, 06, 6, 00, 0, 0, 0, 0, 0, 
dram_write_transactions, 0
ecc_transactions, fb_subp0_write_sectors, 83886087, 06, 6, 00, 0, 0, 0, 0, 0, 
ecc_transactions, fb_subp1_write_sectors, 83886088, 06, 6, 00, 0, 0, 0, 0, 0, 
ecc_transactions, fb_subp0_read_sectors, 83886085, 06, 6, 00, 0, 0, 0, 0, 0, 
ecc_transactions, fb_subp1_read_sectors, 83886086, 06, 6, 00, 0, 0, 0, 0, 0, 
ecc_transactions, l2_subp0_read_sector_misses, 83886097, 012, 12, 00, 0, 0, 0, 0, 0, 0, 0, 0, 0, 0, 0, 
ecc_transactions, l2_subp1_read_sector_misses, 83886098, 012, 12, 00, 0, 0, 0, 0, 0, 0, 0, 0, 0, 0, 0, 
ecc_transactions, l2_subp0_write_sector_misses, 83886093, 012, 12, 00, 0, 0, 0, 0, 0, 0, 0, 0, 0, 0, 0, 
ecc_transactions, l2_subp1_write_sector_misses, 83886094, 012, 12, 00, 0, 0, 0, 0, 0, 0, 0, 0, 0, 0, 0, 
ecc_transactions, 0
dram_read_bytes, fb_subp0_read_sectors, 83886085, 06, 6, 00, 0, 0, 0, 0, 0, 
dram_read_bytes, fb_subp1_read_sectors, 83886086, 06, 6, 00, 0, 0, 0, 0, 0, 
dram_read_bytes, 0
dram_write_bytes, fb_subp0_write_sectors, 83886087, 06, 6, 00, 0, 0, 0, 0, 0, 
dram_write_bytes, fb_subp1_write_sectors, 83886088, 46, 6, 40, 0, 0, 4, 0, 0, 
dram_write_bytes, 128
MetricName, EventName, Sum, TotalInstances, NumInstances, Normalized, Values, ...
ipc, inst_executed, 83886156, 43599928528, 28, 435999285640, 63481583, 640, 640, 640, 72443615, 640, 640, 14764217, 640, 78927997, 640, 640, 28618808, 640, 83168843, 640, 640, 41585800, 640, 640, 640, 640, 52995622, 640, 640, 640, 640, 
ipc, active_cycles, 83886159, 21177425228, 28, 211774252989, 26444601, 979, 999, 980, 26504410, 965, 984, 26416053, 948, 26485157, 934, 990, 26478452, 934, 26505115, 921, 979, 26504707, 935, 977, 920, 973, 26416465, 955, 998, 939, 993, 
ipc, 2.058793
inst_executed, inst_executed, 83886156, 391059328, 28, 3910593640, 458238, 640, 640, 640, 510038, 640, 640, 504690, 640, 504319, 640, 640, 485706, 640, 474590, 640, 640, 480582, 640, 640, 640, 640, 479630, 640, 640, 640, 640, 
inst_executed, 3910593
MetricName, EventName, Sum, TotalInstances, NumInstances, Normalized, Values, ...
ipc, inst_executed, 83886156, 43596834828, 28, 435968348640, 63405330, 640, 640, 640, 72292841, 640, 640, 14608827, 640, 78962065, 640, 640, 28580619, 640, 83323979, 640, 640, 41585877, 640, 640, 640, 640, 53196010, 640, 640, 640, 640, 
ipc, active_cycles, 83886159, 21275734228, 28, 212757342987, 26606346, 979, 1001, 973, 26577943, 963, 982, 26534931, 947, 26600903, 934, 987, 26581907, 926, 26641028, 920, 968, 26585343, 940, 989, 925, 980, 26609660, 953, 1000, 940, 987, 
ipc, 2.049134
inst_executed, inst_executed, 83886156, 399554528, 28, 3995545640, 510738, 640, 640, 640, 479448, 640, 640, 503556, 640, 505586, 640, 640, 502548, 640, 449705, 640, 640, 521560, 640, 640, 640, 640, 509604, 640, 640, 640, 640, 
inst_executed, 3995545
